<?xml version="1.0" encoding="UTF-8"?>
<!-- Generated by org.testng.reporters.JUnitXMLReporter -->
<testsuite ignored="1" hostname="Ranjeeths-MacBook-Pro.local" failures="0" tests="3" name="Default test" time="37.795" errors="0" timestamp="14 Jun 2018 07:01:02 GMT">
  <testcase classname="com.crm.qa.testSuites.ContactsPageTest" name="enterNewContactList" time="2.203"/>
  <testcase classname="com.crm.qa.testSuites.ContactsPageTest" name="enterNewContactList" time="1.617"/>
  <testcase classname="com.crm.qa.testSuites.ContactsPageTest" name="enterNewContactList" time="1.722"/>
  <testcase classname="com.crm.qa.testSuites.ContactsPageTest" name="enterName" time="0.0">
    <ignored/>
  </testcase> <!-- enterName -->
</testsuite> <!-- Default test -->
